# JRE version: Java(TM) SE Runtime Environment (8.0_101-b13) (build 1.8.0_101-b13)
# Java VM: Java HotSpot(TM) 64-Bit Server VM (25.101-b13 mixed mode windows-amd64 compressed oops)
Heap:
 PSYoungGen      total 251904K, used 108676K [0x00000000e0000000, 0x00000000f3e00000, 0x0000000100000000)
  eden space 189440K, 40% used [0x00000000e0000000,0x00000000e4aaca00,0x00000000eb900000)
  from space 62464K, 51% used [0x00000000f0100000,0x00000000f20747a0,0x00000000f3e00000)
  to   space 68096K, 0% used [0x00000000eb900000,0x00000000eb900000,0x00000000efb80000)
 ParOldGen       total 241664K, used 85256K [0x00000000a0000000, 0x00000000aec00000, 0x00000000e0000000)
  object space 241664K, 35% used [0x00000000a0000000,0x00000000a5342178,0x00000000aec00000)
 Metaspace       used 73102K, capacity 75424K, committed 77528K, reserved 1116160K
  class space    used 9379K, capacity 9767K, committed 10240K, reserved 1048576K
GC Heap History (10 events):
Event: 12584.822 GC heap before
{Heap before GC invocations=28 (full 3):
 PSYoungGen      total 236032K, used 218275K [0x00000000e0000000, 0x00000000f2380000, 0x0000000100000000)
  eden space 180736K, 100% used [0x00000000e0000000,0x00000000eb080000,0x00000000eb080000)
  from space 55296K, 67% used [0x00000000eed80000,0x00000000f1228ff0,0x00000000f2380000)
  to   space 58880K, 0% used [0x00000000eb080000,0x00000000eb080000,0x00000000eea00000)
 ParOldGen       total 155648K, used 113503K [0x00000000a0000000, 0x00000000a9800000, 0x00000000e0000000)
  object space 155648K, 72% used [0x00000000a0000000,0x00000000a6ed7da0,0x00000000a9800000)
 Metaspace       used 68317K, capacity 71468K, committed 71640K, reserved 1112064K
  class space    used 9048K, capacity 9658K, committed 9728K, reserved 1048576K
Event: 12584.953 GC heap after
Heap after GC invocations=28 (full 3):
 PSYoungGen      total 233984K, used 58868K [0x00000000e0000000, 0x00000000f3700000, 0x0000000100000000)
  eden space 175104K, 0% used [0x00000000e0000000,0x00000000e0000000,0x00000000eab00000)
  from space 58880K, 99% used [0x00000000eb080000,0x00000000ee9fd358,0x00000000eea00000)
  to   space 71680K, 0% used [0x00000000ef100000,0x00000000ef100000,0x00000000f3700000)
 ParOldGen       total 155648K, used 122328K [0x00000000a0000000, 0x00000000a9800000, 0x00000000e0000000)
  object space 155648K, 78% used [0x00000000a0000000,0x00000000a77760a0,0x00000000a9800000)
 Metaspace       used 68317K, capacity 71468K, committed 71640K, reserved 1112064K
  class space    used 9048K, capacity 9658K, committed 9728K, reserved 1048576K
}
Event: 12609.259 GC heap before
{Heap before GC invocations=29 (full 3):
 PSYoungGen      total 233984K, used 233972K [0x00000000e0000000, 0x00000000f3700000, 0x0000000100000000)
  eden space 175104K, 100% used [0x00000000e0000000,0x00000000eab00000,0x00000000eab00000)
  from space 58880K, 99% used [0x00000000eb080000,0x00000000ee9fd358,0x00000000eea00000)
  to   space 71680K, 0% used [0x00000000ef100000,0x00000000ef100000,0x00000000f3700000)
 ParOldGen       total 155648K, used 122328K [0x00000000a0000000, 0x00000000a9800000, 0x00000000e0000000)
  object space 155648K, 78% used [0x00000000a0000000,0x00000000a77760a0,0x00000000a9800000)
 Metaspace       used 68325K, capacity 71532K, committed 71640K, reserved 1112064K
  class space    used 9048K, capacity 9658K, committed 9728K, reserved 1048576K
Event: 12609.374 GC heap after
Heap after GC invocations=29 (full 3):
 PSYoungGen      total 236544K, used 41407K [0x00000000e0000000, 0x00000000f3200000, 0x0000000100000000)
  eden space 169984K, 0% used [0x00000000e0000000,0x00000000e0000000,0x00000000ea600000)
  from space 66560K, 62% used [0x00000000ef100000,0x00000000f196ff80,0x00000000f3200000)
  to   space 71680K, 0% used [0x00000000ea600000,0x00000000ea600000,0x00000000eec00000)
 ParOldGen       total 155648K, used 151937K [0x00000000a0000000, 0x00000000a9800000, 0x00000000e0000000)
  object space 155648K, 97% used [0x00000000a0000000,0x00000000a9460638,0x00000000a9800000)
 Metaspace       used 68325K, capacity 71532K, committed 71640K, reserved 1112064K
  class space    used 9048K, capacity 9658K, committed 9728K, reserved 1048576K
}
Event: 12609.374 GC heap before
{Heap before GC invocations=30 (full 4):
 PSYoungGen      total 236544K, used 41407K [0x00000000e0000000, 0x00000000f3200000, 0x0000000100000000)
  eden space 169984K, 0% used [0x00000000e0000000,0x00000000e0000000,0x00000000ea600000)
  from space 66560K, 62% used [0x00000000ef100000,0x00000000f196ff80,0x00000000f3200000)
  to   space 71680K, 0% used [0x00000000ea600000,0x00000000ea600000,0x00000000eec00000)
 ParOldGen       total 155648K, used 151937K [0x00000000a0000000, 0x00000000a9800000, 0x00000000e0000000)
  object space 155648K, 97% used [0x00000000a0000000,0x00000000a9460638,0x00000000a9800000)
 Metaspace       used 68325K, capacity 71532K, committed 71640K, reserved 1112064K
  class space    used 9048K, capacity 9658K, committed 9728K, reserved 1048576K
Event: 12610.059 GC heap after
Heap after GC invocations=30 (full 4):
 PSYoungGen      total 236544K, used 0K [0x00000000e0000000, 0x00000000f3200000, 0x0000000100000000)
  eden space 169984K, 0% used [0x00000000e0000000,0x00000000e0000000,0x00000000ea600000)
  from space 66560K, 0% used [0x00000000ef100000,0x00000000ef100000,0x00000000f3200000)
  to   space 71680K, 0% used [0x00000000ea600000,0x00000000ea600000,0x00000000eec00000)
 ParOldGen       total 241664K, used 85240K [0x00000000a0000000, 0x00000000aec00000, 0x00000000e0000000)
  object space 241664K, 35% used [0x00000000a0000000,0x00000000a533e178,0x00000000aec00000)
 Metaspace       used 66588K, capacity 68740K, committed 71640K, reserved 1112064K
  class space    used 8655K, capacity 8995K, committed 9728K, reserved 1048576K
}
Event: 12617.309 GC heap before
{Heap before GC invocations=31 (full 4):
 PSYoungGen      total 236544K, used 169984K [0x00000000e0000000, 0x00000000f3200000, 0x0000000100000000)
  eden space 169984K, 100% used [0x00000000e0000000,0x00000000ea600000,0x00000000ea600000)
  from space 66560K, 0% used [0x00000000ef100000,0x00000000ef100000,0x00000000f3200000)
  to   space 71680K, 0% used [0x00000000ea600000,0x00000000ea600000,0x00000000eec00000)
 ParOldGen       total 241664K, used 85240K [0x00000000a0000000, 0x00000000aec00000, 0x00000000e0000000)
  object space 241664K, 35% used [0x00000000a0000000,0x00000000a533e178,0x00000000aec00000)
 Metaspace       used 66659K, capacity 68834K, committed 71640K, reserved 1112064K
  class space    used 8659K, capacity 9000K, committed 9728K, reserved 1048576K
Event: 12617.345 GC heap after
Heap after GC invocations=31 (full 4):
 PSYoungGen      total 241664K, used 12560K [0x00000000e0000000, 0x00000000f4600000, 0x0000000100000000)
  eden space 169984K, 0% used [0x00000000e0000000,0x00000000e0000000,0x00000000ea600000)
  from space 71680K, 17% used [0x00000000ea600000,0x00000000eb244030,0x00000000eec00000)
  to   space 70656K, 0% used [0x00000000f0100000,0x00000000f0100000,0x00000000f4600000)
 ParOldGen       total 241664K, used 85248K [0x00000000a0000000, 0x00000000aec00000, 0x00000000e0000000)
  object space 241664K, 35% used [0x00000000a0000000,0x00000000a5340178,0x00000000aec00000)
 Metaspace       used 66659K, capacity 68834K, committed 71640K, reserved 1112064K
  class space    used 8659K, capacity 9000K, committed 9728K, reserved 1048576K
}
Event: 12645.915 GC heap before
{Heap before GC invocations=32 (full 4):
 PSYoungGen      total 241664K, used 182544K [0x00000000e0000000, 0x00000000f4600000, 0x0000000100000000)
  eden space 169984K, 100% used [0x00000000e0000000,0x00000000ea600000,0x00000000ea600000)
  from space 71680K, 17% used [0x00000000ea600000,0x00000000eb244030,0x00000000eec00000)
  to   space 70656K, 0% used [0x00000000f0100000,0x00000000f0100000,0x00000000f4600000)
 ParOldGen       total 241664K, used 85248K [0x00000000a0000000, 0x00000000aec00000, 0x00000000e0000000)
  object space 241664K, 35% used [0x00000000a0000000,0x00000000a5340178,0x00000000aec00000)
 Metaspace       used 72460K, capacity 74702K, committed 77016K, reserved 1116160K
  class space    used 9295K, capacity 9674K, committed 10240K, reserved 1048576K
Event: 12645.951 GC heap after
Heap after GC invocations=32 (full 4):
 PSYoungGen      total 251904K, used 32209K [0x00000000e0000000, 0x00000000f3e00000, 0x0000000100000000)
  eden space 189440K, 0% used [0x00000000e0000000,0x00000000e0000000,0x00000000eb900000)
  from space 62464K, 51% used [0x00000000f0100000,0x00000000f20747a0,0x00000000f3e00000)
  to   space 68096K, 0% used [0x00000000eb900000,0x00000000eb900000,0x00000000efb80000)
 ParOldGen       total 241664K, used 85256K [0x00000000a0000000, 0x00000000aec00000, 0x00000000e0000000)
  object space 241664K, 35% used [0x00000000a0000000,0x00000000a5342178,0x00000000aec00000)
 Metaspace       used 72460K, capacity 74702K, committed 77016K, reserved 1116160K
  class space    used 9295K, capacity 9674K, committed 10240K, reserved 1048576K
}

